[00:14:33] [Server thread/INFO]: [NoSpawnChunks] Unloading chunks...
[00:14:33] [Server thread/INFO]: [NoSpawnChunks] Unloaded 0 chunks. Took 29 ms.
[00:29:33] [Server thread/INFO]: [NoSpawnChunks] Unloading chunks...
[00:29:33] [Server thread/INFO]: [NoSpawnChunks] Unloaded 0 chunks. Took 3 ms.
[00:29:34] [Server thread/INFO]: [NoSpawnChunks] Freed 53 mb!
[00:44:34] [Server thread/INFO]: [NoSpawnChunks] Unloading chunks...
[00:44:34] [Server thread/INFO]: [NoSpawnChunks] Unloaded 0 chunks. Took 13 ms.
[00:44:35] [Server thread/INFO]: [NoSpawnChunks] Freed 35 mb!
[00:59:35] [Server thread/INFO]: [NoSpawnChunks] Unloading chunks...
[00:59:35] [Server thread/INFO]: [NoSpawnChunks] Unloaded 0 chunks. Took 3 ms.
[00:59:36] [Server thread/INFO]: [NoSpawnChunks] Freed 110 mb!
[01:14:35] [Server thread/INFO]: [NoSpawnChunks] Unloading chunks...
[01:14:35] [Server thread/INFO]: [NoSpawnChunks] Unloaded 0 chunks. Took 2 ms.
[01:14:36] [Server thread/INFO]: [NoSpawnChunks] Freed 35 mb!
[01:29:36] [Server thread/INFO]: [NoSpawnChunks] Unloading chunks...
[01:29:36] [Server thread/INFO]: [NoSpawnChunks] Unloaded 0 chunks. Took 2 ms.
[01:29:37] [Server thread/INFO]: [NoSpawnChunks] Freed 90 mb!
[01:44:36] [Server thread/INFO]: [NoSpawnChunks] Unloading chunks...
[01:44:36] [Server thread/INFO]: [NoSpawnChunks] Unloaded 0 chunks. Took 2 ms.
[01:44:37] [Server thread/INFO]: [NoSpawnChunks] Freed 109 mb!
[01:59:36] [Server thread/INFO]: [NoSpawnChunks] Unloading chunks...
[01:59:36] [Server thread/INFO]: [NoSpawnChunks] Unloaded 0 chunks. Took 2 ms.
[01:59:37] [Server thread/INFO]: [NoSpawnChunks] Freed 101 mb!
[02:14:37] [Server thread/INFO]: [NoSpawnChunks] Unloading chunks...
[02:14:37] [Server thread/INFO]: [NoSpawnChunks] Unloaded 0 chunks. Took 2 ms.
[02:14:38] [Server thread/INFO]: [NoSpawnChunks] Freed 109 mb!
[02:29:37] [Server thread/INFO]: [NoSpawnChunks] Unloading chunks...
[02:29:37] [Server thread/INFO]: [NoSpawnChunks] Unloaded 0 chunks. Took 2 ms.
[02:29:38] [Server thread/INFO]: [NoSpawnChunks] Freed 30 mb!
[02:44:37] [Server thread/INFO]: [NoSpawnChunks] Unloading chunks...
[02:44:37] [Server thread/INFO]: [NoSpawnChunks] Unloaded 0 chunks. Took 2 ms.
[02:44:38] [Server thread/INFO]: [NoSpawnChunks] Freed 106 mb!
[02:59:37] [Server thread/INFO]: [NoSpawnChunks] Unloading chunks...
[02:59:37] [Server thread/INFO]: [NoSpawnChunks] Unloaded 0 chunks. Took 2 ms.
[02:59:38] [Server thread/INFO]: [NoSpawnChunks] Freed 63 mb!
[03:14:38] [Server thread/INFO]: [NoSpawnChunks] Unloading chunks...
[03:14:38] [Server thread/INFO]: [NoSpawnChunks] Unloaded 0 chunks. Took 1 ms.
[03:14:39] [Server thread/INFO]: [NoSpawnChunks] Freed 68 mb!
[03:29:38] [Server thread/INFO]: [NoSpawnChunks] Unloading chunks...
[03:29:38] [Server thread/INFO]: [NoSpawnChunks] Unloaded 0 chunks. Took 17 ms.
[03:29:39] [Server thread/INFO]: [NoSpawnChunks] Freed 8 mb!
[03:44:38] [Server thread/INFO]: [NoSpawnChunks] Unloading chunks...
[03:44:38] [Server thread/INFO]: [NoSpawnChunks] Unloaded 0 chunks. Took 2 ms.
[03:44:39] [Server thread/INFO]: [NoSpawnChunks] Freed 101 mb!
[03:59:38] [Server thread/INFO]: [NoSpawnChunks] Unloading chunks...
[03:59:38] [Server thread/INFO]: [NoSpawnChunks] Unloaded 0 chunks. Took 2 ms.
[03:59:39] [Server thread/INFO]: [NoSpawnChunks] Freed 95 mb!
[04:14:39] [Server thread/INFO]: [NoSpawnChunks] Unloading chunks...
[04:14:39] [Server thread/INFO]: [NoSpawnChunks] Unloaded 0 chunks. Took 3 ms.
[04:14:40] [Server thread/INFO]: [NoSpawnChunks] Freed 65 mb!
[04:29:40] [Server thread/INFO]: [NoSpawnChunks] Unloading chunks...
[04:29:40] [Server thread/INFO]: [NoSpawnChunks] Unloaded 0 chunks. Took 2 ms.
[04:29:41] [Server thread/INFO]: [NoSpawnChunks] Freed 54 mb!
[04:44:40] [Server thread/INFO]: [NoSpawnChunks] Unloading chunks...
[04:44:40] [Server thread/INFO]: [NoSpawnChunks] Unloaded 0 chunks. Took 2 ms.
[04:44:41] [Server thread/INFO]: [NoSpawnChunks] Freed 52 mb!
[04:59:41] [Server thread/INFO]: [NoSpawnChunks] Unloading chunks...
[04:59:41] [Server thread/INFO]: [NoSpawnChunks] Unloaded 0 chunks. Took 2 ms.
[04:59:42] [Server thread/INFO]: [NoSpawnChunks] Freed 13 mb!
[05:14:41] [Server thread/INFO]: [NoSpawnChunks] Unloading chunks...
[05:14:41] [Server thread/INFO]: [NoSpawnChunks] Unloaded 0 chunks. Took 1 ms.
[05:14:42] [Server thread/INFO]: [NoSpawnChunks] Freed 19 mb!
[05:29:42] [Server thread/INFO]: [NoSpawnChunks] Unloading chunks...
[05:29:42] [Server thread/INFO]: [NoSpawnChunks] Unloaded 0 chunks. Took 1 ms.
[05:29:43] [Server thread/INFO]: [NoSpawnChunks] Freed 120 mb!
[05:44:42] [Server thread/INFO]: [NoSpawnChunks] Unloading chunks...
[05:44:42] [Server thread/INFO]: [NoSpawnChunks] Unloaded 0 chunks. Took 2 ms.
[05:44:43] [Server thread/INFO]: [NoSpawnChunks] Freed 95 mb!
[05:59:42] [Server thread/INFO]: [NoSpawnChunks] Unloading chunks...
[05:59:42] [Server thread/INFO]: [NoSpawnChunks] Unloaded 0 chunks. Took 1 ms.
[05:59:43] [Server thread/INFO]: [NoSpawnChunks] Freed 46 mb!
[06:14:43] [Server thread/INFO]: [NoSpawnChunks] Unloading chunks...
[06:14:43] [Server thread/INFO]: [NoSpawnChunks] Unloaded 0 chunks. Took 2 ms.
[06:14:44] [Server thread/INFO]: [NoSpawnChunks] Freed 128 mb!
[06:29:44] [Server thread/INFO]: [NoSpawnChunks] Unloading chunks...
[06:29:44] [Server thread/INFO]: [NoSpawnChunks] Unloaded 0 chunks. Took 2 ms.
[06:29:44] [Server thread/INFO]: [NoSpawnChunks] Freed 60 mb!
[06:44:44] [Server thread/INFO]: [NoSpawnChunks] Unloading chunks...
[06:44:44] [Server thread/INFO]: [NoSpawnChunks] Unloaded 0 chunks. Took 2 ms.
[06:44:45] [Server thread/INFO]: [NoSpawnChunks] Freed 63 mb!
[06:59:44] [Server thread/INFO]: [NoSpawnChunks] Unloading chunks...
[06:59:44] [Server thread/INFO]: [NoSpawnChunks] Unloaded 0 chunks. Took 3 ms.
[06:59:45] [Server thread/INFO]: [NoSpawnChunks] Freed 16 mb!
[07:14:45] [Server thread/INFO]: [NoSpawnChunks] Unloading chunks...
[07:14:45] [Server thread/INFO]: [NoSpawnChunks] Unloaded 0 chunks. Took 2 ms.
[07:14:46] [Server thread/INFO]: [NoSpawnChunks] Freed 27 mb!
[07:29:45] [Server thread/INFO]: [NoSpawnChunks] Unloading chunks...
[07:29:45] [Server thread/INFO]: [NoSpawnChunks] Unloaded 0 chunks. Took 2 ms.
[07:29:46] [Server thread/INFO]: [NoSpawnChunks] Freed 5 mb!
[07:44:46] [Server thread/INFO]: [NoSpawnChunks] Unloading chunks...
[07:44:46] [Server thread/INFO]: [NoSpawnChunks] Unloaded 0 chunks. Took 2 ms.
[07:44:46] [Server thread/INFO]: [NoSpawnChunks] Freed 82 mb!
[07:59:46] [Server thread/INFO]: [NoSpawnChunks] Unloading chunks...
[07:59:46] [Server thread/INFO]: [NoSpawnChunks] Unloaded 0 chunks. Took 2 ms.
[07:59:47] [Server thread/INFO]: [NoSpawnChunks] Freed 95 mb!
[08:14:47] [Server thread/INFO]: [NoSpawnChunks] Unloading chunks...
[08:14:47] [Server thread/INFO]: [NoSpawnChunks] Unloaded 0 chunks. Took 3 ms.
[08:14:48] [Server thread/INFO]: [NoSpawnChunks] Freed 43 mb!
[08:29:48] [Server thread/INFO]: [NoSpawnChunks] Unloading chunks...
[08:29:48] [Server thread/INFO]: [NoSpawnChunks] Unloaded 0 chunks. Took 2 ms.
[08:29:49] [Server thread/INFO]: [NoSpawnChunks] Freed 65 mb!
[08:44:48] [Server thread/INFO]: [NoSpawnChunks] Unloading chunks...
[08:44:48] [Server thread/INFO]: [NoSpawnChunks] Unloaded 0 chunks. Took 1 ms.
[08:44:49] [Server thread/INFO]: [NoSpawnChunks] Freed 112 mb!
[08:47:43] [User Authenticator #127/INFO]: UUID of player emma_s is 324fbef9-eef6-4169-90cd-1f0c1ce3d9d1
[08:47:43] [Server thread/INFO]: emma_s[/192.222.201.105:50476] logged in with entity id 1807874 at ([J]628.1505261736803, 65.0, 138.7881954294128)
[08:54:07] [User Authenticator #128/INFO]: UUID of player srevid is 665f4672-28c0-41c8-a808-b8713b58bf72
[08:54:07] [Server thread/INFO]: srevid[/192.222.201.105:49500] logged in with entity id 1809259 at ([J]322.22430123372806, 69.0, 20.509535349916117)
[08:59:56] [Server thread/INFO]: [NoSpawnChunks] Unloading chunks...
[08:59:56] [Server thread/INFO]: [NoSpawnChunks] Unloaded 1 chunks. Took 7 ms.
[08:59:57] [Server thread/INFO]: [NoSpawnChunks] Freed 100 mb!
[09:05:42] [Server thread/INFO]: srevid lost connection: Disconnected
[09:05:42] [Server thread/INFO]: srevid left the game.
[09:15:07] [Server thread/INFO]: [NoSpawnChunks] Unloading chunks...
[09:15:07] [Server thread/INFO]: [NoSpawnChunks] Unloaded 0 chunks. Took 5 ms.
[09:15:08] [Server thread/INFO]: [NoSpawnChunks] Freed 146 mb!
[09:30:19] [Server thread/INFO]: [NoSpawnChunks] Unloading chunks...
[09:30:19] [Server thread/INFO]: [NoSpawnChunks] Unloaded 0 chunks. Took 20 ms.
[09:30:20] [Server thread/INFO]: [NoSpawnChunks] Freed 101 mb!
[09:45:22] [Server thread/INFO]: [NoSpawnChunks] Unloading chunks...
[09:45:22] [Server thread/INFO]: [NoSpawnChunks] Unloaded 0 chunks. Took 4 ms.
[09:45:23] [Server thread/INFO]: [NoSpawnChunks] Freed 100 mb!
[09:54:52] [Server thread/WARN]: emma_s moved wrongly!
[10:00:25] [Server thread/INFO]: [NoSpawnChunks] Unloading chunks...
[10:00:25] [Server thread/INFO]: [NoSpawnChunks] Unloaded 0 chunks. Took 4 ms.
[10:00:26] [Server thread/INFO]: [NoSpawnChunks] Freed 146 mb!
[10:05:44] [User Authenticator #129/INFO]: UUID of player srevid is 665f4672-28c0-41c8-a808-b8713b58bf72
[10:05:44] [Server thread/INFO]: srevid[/192.222.201.105:49652] logged in with entity id 1820360 at ([J]120.62360786889906, 59.0, 5.3578159601202415)
[10:08:41] [Server thread/INFO]: srevid lost connection: Timed out
[10:08:41] [Server thread/INFO]: srevid left the game.
[10:08:43] [User Authenticator #130/INFO]: UUID of player srevid is 665f4672-28c0-41c8-a808-b8713b58bf72
[10:08:43] [Server thread/INFO]: srevid[/192.222.201.105:49660] logged in with entity id 1821591 at ([J]173.65220357532172, 69.0, 70.71365090698946)
[10:14:52] [User Authenticator #131/INFO]: UUID of player gripette is 780bc463-95d4-4da0-99b7-eae34cf5f555
[10:14:52] [Server thread/INFO]: gripette[/192.222.201.105:49239] logged in with entity id 1823924 at ([J]-262.3730958429288, 65.0, 291.9892275292648)
[10:15:32] [Server thread/INFO]: [NoSpawnChunks] Unloading chunks...
[10:15:32] [Server thread/INFO]: [NoSpawnChunks] Unloaded 47 chunks. Took 157 ms.
[10:15:33] [Server thread/INFO]: [NoSpawnChunks] Freed 110 mb!
[10:17:27] [User Authenticator #132/INFO]: UUID of player TiPoulet is 5bfeaf1f-c328-4c78-b30d-bda7fdafb049
[10:17:27] [Server thread/INFO]: TiPoulet[/70.82.243.105:49671] logged in with entity id 1825278 at ([J]-193.68415728490803, 75.0, 297.1746585184181)
[10:18:08] [Async Chat Thread - #79/INFO]: <srevid> allo TiPoulet :)
[10:18:09] [Async Chat Thread - #79/INFO]: <TiPoulet> Bon matin !
[10:18:40] [Async Chat Thread - #79/INFO]: <srevid> on commence a etre une belle gang sur le serveur :)
[10:19:08] [Async Chat Thread - #79/INFO]: <TiPoulet> héhé olivier le chum a ma soeur s'est aussi parti une game !
[10:19:19] [Async Chat Thread - #79/INFO]: <gripette> il faudrait quil vienne dans notre game
[10:19:28] [Async Chat Thread - #79/INFO]: <TiPoulet> je ne sais pas s'il va se joindre à nous
[10:30:33] [Server thread/INFO]: TiPoulet has just earned the achievement [Hot Topic]
[10:30:39] [Server thread/INFO]: [NoSpawnChunks] Unloading chunks...
[10:30:40] [Server thread/INFO]: [NoSpawnChunks] Unloaded 74 chunks. Took 252 ms.
[10:30:41] [Server thread/INFO]: [NoSpawnChunks] Freed 168 mb!
[10:34:48] [Server thread/INFO]: emma_s fell from a high place
[10:35:44] [Server thread/INFO]: gripette issued server command: /tp gripette 97 77 81
[10:35:44] [Server thread/INFO]: [gripette: Teleported gripette to 97.5, 77.0, 81.5]
[10:42:00] [Server thread/INFO]: TiPoulet has just earned the achievement [Acquire Hardware]
[10:46:04] [Server thread/INFO]: [NoSpawnChunks] Unloading chunks...
[10:46:05] [Server thread/INFO]: [NoSpawnChunks] Unloaded 46 chunks. Took 186 ms.
[10:46:06] [Server thread/INFO]: [NoSpawnChunks] Freed 190 mb!
[10:57:33] [User Authenticator #133/INFO]: UUID of player Spy00 is 9d5dfa3b-f839-4761-8a34-80d123ac6e92
[10:57:33] [Server thread/INFO]: Spy00[/70.82.243.105:47813] logged in with entity id 1848373 at ([J]-194.84987908875684, 75.0, 298.01303912656334)
[10:58:16] [Async Chat Thread - #80/INFO]: <Spy00> wow il y a du monde!
[10:58:22] [Async Chat Thread - #80/INFO]: <gripette> yep hehe
[10:58:27] [Async Chat Thread - #80/INFO]: <srevid> allo
[10:58:39] [Async Chat Thread - #80/INFO]: <srevid> joyeux noel et bonne année !!!
[10:58:54] [Async Chat Thread - #80/INFO]: <Spy00> oui et a toi aussi!
[10:59:07] [Async Chat Thread - #80/INFO]: <Spy00> es-tu toujours en Belgique?
[10:59:26] [Async Chat Thread - #80/INFO]: <srevid> je suis rentrée mercredi
[10:59:34] [Async Chat Thread - #80/INFO]: <srevid> on est chez Jo la
[11:00:00] [Async Chat Thread - #80/INFO]: <Spy00> cool, et le voyage a été plaisant?
[11:00:28] [Async Chat Thread - #80/INFO]: <srevid> assez long, j ai fait une escale de 5h a Franckfort
[11:00:47] [Async Chat Thread - #80/INFO]: <srevid> mais sinon ca a été
[11:01:05] [Async Chat Thread - #80/INFO]: <srevid> j était content d'arriver
[11:01:23] [Server thread/INFO]: [NoSpawnChunks] Unloading chunks...
[11:01:23] [Server thread/INFO]: [NoSpawnChunks] Unloaded 27 chunks. Took 125 ms.
[11:01:23] [Server thread/INFO]: [NoSpawnChunks] Freed 112 mb!
[11:01:33] [Async Chat Thread - #80/INFO]: <Spy00> ouais c'est assez épuisant de voyager et perdre son temps dans les aeroport...
[11:02:13] [Async Chat Thread - #80/INFO]: <srevid> ouin faut se chercher des occupations apres avoir fait toutes les boutiquest :p
[11:03:24] [Async Chat Thread - #81/INFO]: <Spy00> j'ai eu quelques fois peur de m'endormir et manquer mon avion
[11:04:03] [Async Chat Thread - #81/INFO]: <srevid> je me suis assoupie dans a la gate, un petit stress est apparu a mon eveil :p
[11:04:17] [Async Chat Thread - #81/INFO]: <srevid> devant la gate
[11:11:26] [Server thread/INFO]: gripette issued server command: /tp gripette -37 79 32
[11:11:26] [Server thread/INFO]: [gripette: Teleported gripette to -36.5, 79.0, 32.5]
[11:11:36] [Server thread/INFO]: gripette issued server command: /tp gripette 97 77 81
[11:11:36] [Server thread/INFO]: [gripette: Teleported gripette to 97.5, 77.0, 81.5]
[11:12:31] [Server thread/INFO]: gripette issued server command: /tp gripette -37 79 32
[11:12:31] [Server thread/INFO]: [gripette: Teleported gripette to -36.5, 79.0, 32.5]
[11:17:23] [Server thread/INFO]: [NoSpawnChunks] Unloading chunks...
[11:17:24] [Server thread/INFO]: [NoSpawnChunks] Unloaded 117 chunks. Took 363 ms.
[11:20:00] [Server thread/WARN]: Spy00 moved wrongly!
[11:20:00] [Server thread/WARN]: Spy00 moved wrongly!
[11:20:00] [Server thread/WARN]: Spy00 moved wrongly!
[11:20:00] [Server thread/WARN]: Spy00 moved wrongly!
[11:20:02] [Server thread/INFO]: [NoSpawnChunks] Unloading chunks in world J_nether...
[11:20:02] [Server thread/INFO]: [NoSpawnChunks] Unloaded 0 chunks. Took 2 ms.
[11:20:46] [Server thread/INFO]: Spy00 has just earned the achievement [DIAMONDS!]
[11:33:12] [Server thread/INFO]: [NoSpawnChunks] Unloading chunks...
[11:33:12] [Server thread/INFO]: [NoSpawnChunks] Unloaded 103 chunks. Took 342 ms.
[11:35:12] [Server thread/WARN]: Spy00 moved wrongly!
[11:35:12] [Server thread/WARN]: Spy00 moved wrongly!
[11:35:13] [Server thread/INFO]: Spy00 lost connection: Disconnected
[11:35:13] [Server thread/INFO]: Spy00 left the game.
[11:35:23] [User Authenticator #134/INFO]: UUID of player Spy00 is 9d5dfa3b-f839-4761-8a34-80d123ac6e92
[11:35:23] [Server thread/INFO]: Spy00[/70.82.243.105:47818] logged in with entity id 1866818 at ([J]-181.92139592155348, 7.0, 338.119786802408)
[11:44:13] [Server thread/INFO]: srevid lost connection: Disconnected
[11:44:13] [Server thread/INFO]: srevid left the game.
[11:49:59] [Server thread/INFO]: [NoSpawnChunks] Unloading chunks...
[11:49:59] [Server thread/INFO]: [NoSpawnChunks] Unloaded 84 chunks. Took 284 ms.
[11:50:00] [Server thread/INFO]: [NoSpawnChunks] Freed 65 mb!
[11:52:53] [User Authenticator #135/INFO]: UUID of player srevid is 665f4672-28c0-41c8-a808-b8713b58bf72
[11:52:53] [Server thread/INFO]: srevid[/192.222.201.105:49775] logged in with entity id 1874173 at ([J]-336.42428321862445, 47.0, 134.7275627921676)
[11:55:10] [Async Chat Thread - #82/INFO]: <gripette> les portes se referment avec la plaque
[11:55:19] [Async Chat Thread - #82/INFO]: <gripette> et pour sortir on passe dessus et elles souvrent
[11:55:27] [Async Chat Thread - #82/INFO]: <TiPoulet> lol t'étais tannée de devoir les fermer ! haha
[11:55:36] [Async Chat Thread - #82/INFO]: <gripette> et se referment toujours quand on est passé dessus
[11:55:46] [Async Chat Thread - #82/INFO]: <gripette> ouais ben jen ai mis partout ou je peux
[11:55:56] [Async Chat Thread - #82/INFO]: <gripette> faut juste pas la mettre dehors parce que les mobs pourront entrer
[11:56:11] [Server thread/INFO]: srevid lost connection: Disconnected
[11:56:11] [Server thread/INFO]: srevid left the game.
[11:56:21] [Async Chat Thread - #82/INFO]: <TiPoulet> ah bin oui c'est vrai !
[11:56:52] [Async Chat Thread - #82/INFO]: <TiPoulet> on chercher de quoi dans notre sous-sol... pas très concluant comme recherche...
[12:05:05] [Server thread/INFO]: [NoSpawnChunks] Unloading chunks...
[12:05:06] [Server thread/INFO]: [NoSpawnChunks] Unloaded 108 chunks. Took 398 ms.
[12:05:07] [Server thread/INFO]: [NoSpawnChunks] Freed 169 mb!
[12:08:36] [Server thread/INFO]: Spy00 lost connection: Disconnected
[12:08:36] [Server thread/INFO]: Spy00 left the game.
[12:12:25] [Server thread/INFO]: TiPoulet lost connection: Internal Exception: java.io.IOException: Broken pipe
[12:12:25] [Server thread/INFO]: TiPoulet left the game.
[12:13:13] [Server thread/INFO]: gripette lost connection: Timed out
[12:13:13] [Server thread/INFO]: gripette left the game.
[12:13:24] [Server thread/INFO]: emma_s lost connection: Timed out
[12:13:24] [Server thread/INFO]: emma_s left the game.
[12:20:09] [Server thread/INFO]: [NoSpawnChunks] Unloading chunks...
[12:20:10] [Server thread/INFO]: [NoSpawnChunks] Unloaded 136 chunks. Took 539 ms.
[12:20:10] [Server thread/INFO]: [NoSpawnChunks] Freed 43 mb!
